[2026-03-20 15:52:44,662] TRACE [Controller id=0 epoch=5] Changed state of replica 0 for partition __consumer_offsets-3 from OnlineReplica to OnlineReplica (state.change.logger)
[2026-03-20 15:52:45,312] TRACE [Controller id=0 epoch=5] Changed state of replica 0 for partition __consumer_offsets-18 from OnlineReplica to OnlineReplica (state.change.logger)
[2026-03-20 15:52:45,454] TRACE [Controller id=0 epoch=5] Changed state of replica 0 for partition __consumer_offsets-12 from OnlineReplica to OnlineReplica (state.change.logger)
[2026-03-20 15:52:45,460] TRACE [Controller id=0 epoch=5] Changed state of replica 0 for partition __consumer_offsets-14 from OnlineReplica to OnlineReplica (state.change.logger)
[2026-03-20 15:52:45,461] TRACE [Controller id=0 epoch=5] Changed state of replica 0 for partition __consumer_offsets-35 from OnlineReplica to OnlineReplica (state.change.logger)
[2026-03-20 15:52:45,525] TRACE [Controller id=0 epoch=5] Changed state of replica 0 for partition __consumer_offsets-29 from OnlineReplica to OnlineReplica (state.change.logger)
[2026-03-20 15:52:45,526] TRACE [Controller id=0 epoch=5] Changed state of replica 0 for partition __consumer_offsets-32 from OnlineReplica to OnlineReplica (state.change.logger)
[2026-03-20 15:52:45,526] TRACE [Controller id=0 epoch=5] Changed state of replica 0 for partition __consumer_offsets-9 from OnlineReplica to OnlineReplica (state.change.logger)
[2026-03-20 15:52:45,526] TRACE [Controller id=0 epoch=5] Changed state of replica 0 for partition __consumer_offsets-10 from OnlineReplica to OnlineReplica (state.change.logger)
[2026-03-20 15:52:45,526] TRACE [Controller id=0 epoch=5] Changed state of replica 0 for partition __consumer_offsets-41 from OnlineReplica to OnlineReplica (state.change.logger)
[2026-03-20 15:52:45,526] TRACE [Controller id=0 epoch=5] Changed state of replica 0 for partition __consumer_offsets-11 from OnlineReplica to OnlineReplica (state.change.logger)
[2026-03-20 15:52:45,633] TRACE [Controller id=0 epoch=5] Changed state of replica 0 for partition __consumer_offsets-25 from OnlineReplica to OnlineReplica (state.change.logger)
[2026-03-20 15:52:45,673] TRACE [Controller id=0 epoch=5] Changed state of replica 0 for partition __consumer_offsets-34 from OnlineReplica to OnlineReplica (state.change.logger)
[2026-03-20 15:52:45,673] TRACE [Controller id=0 epoch=5] Changed state of replica 0 for partition __consumer_offsets-0 from OnlineReplica to OnlineReplica (state.change.logger)
[2026-03-20 15:52:45,677] TRACE [Controller id=0 epoch=5] Changed state of replica 0 for partition __consumer_offsets-8 from OnlineReplica to OnlineReplica (state.change.logger)
[2026-03-20 15:52:45,678] TRACE [Controller id=0 epoch=5] Changed state of replica 0 for partition __consumer_offsets-48 from OnlineReplica to OnlineReplica (state.change.logger)
[2026-03-20 15:52:45,678] TRACE [Controller id=0 epoch=5] Changed state of replica 0 for partition __consumer_offsets-13 from OnlineReplica to OnlineReplica (state.change.logger)
[2026-03-20 15:52:45,681] TRACE [Controller id=0 epoch=5] Changed state of replica 0 for partition __consumer_offsets-5 from OnlineReplica to OnlineReplica (state.change.logger)
[2026-03-20 15:52:45,684] TRACE [Controller id=0 epoch=5] Changed state of replica 0 for partition __consumer_offsets-36 from OnlineReplica to OnlineReplica (state.change.logger)
[2026-03-20 15:52:45,684] TRACE [Controller id=0 epoch=5] Changed state of replica 0 for partition __consumer_offsets-39 from OnlineReplica to OnlineReplica (state.change.logger)
[2026-03-20 15:52:45,687] TRACE [Controller id=0 epoch=5] Changed state of replica 0 for partition __consumer_offsets-23 from OnlineReplica to OnlineReplica (state.change.logger)
[2026-03-20 15:52:45,688] TRACE [Controller id=0 epoch=5] Changed state of replica 0 for partition __consumer_offsets-21 from OnlineReplica to OnlineReplica (state.change.logger)
[2026-03-20 15:52:45,688] TRACE [Controller id=0 epoch=5] Changed state of replica 0 for partition __consumer_offsets-42 from OnlineReplica to OnlineReplica (state.change.logger)
[2026-03-20 15:52:45,689] TRACE [Controller id=0 epoch=5] Changed state of replica 0 for partition __consumer_offsets-24 from OnlineReplica to OnlineReplica (state.change.logger)
[2026-03-20 15:52:45,690] TRACE [Controller id=0 epoch=5] Changed state of replica 0 for partition __consumer_offsets-40 from OnlineReplica to OnlineReplica (state.change.logger)
[2026-03-20 15:52:45,690] TRACE [Controller id=0 epoch=5] Changed state of replica 0 for partition __consumer_offsets-26 from OnlineReplica to OnlineReplica (state.change.logger)
[2026-03-20 15:52:45,700] TRACE [Controller id=0 epoch=5] Changed state of replica 0 for partition __consumer_offsets-19 from OnlineReplica to OnlineReplica (state.change.logger)
[2026-03-20 15:52:45,700] TRACE [Controller id=0 epoch=5] Changed state of replica 0 for partition __consumer_offsets-17 from OnlineReplica to OnlineReplica (state.change.logger)
[2026-03-20 15:52:45,700] TRACE [Controller id=0 epoch=5] Changed state of replica 0 for partition __consumer_offsets-2 from OnlineReplica to OnlineReplica (state.change.logger)
[2026-03-20 15:52:45,700] TRACE [Controller id=0 epoch=5] Changed state of replica 0 for partition test-0 from OnlineReplica to OnlineReplica (state.change.logger)
[2026-03-20 15:52:45,700] TRACE [Controller id=0 epoch=5] Changed state of replica 0 for partition gossip-0 from OnlineReplica to OnlineReplica (state.change.logger)
[2026-03-20 15:52:45,719] TRACE [Controller id=0 epoch=5] Changed state of replica 0 for partition __consumer_offsets-16 from OnlineReplica to OnlineReplica (state.change.logger)
[2026-03-20 15:52:45,720] TRACE [Controller id=0 epoch=5] Changed state of replica 0 for partition __consumer_offsets-15 from OnlineReplica to OnlineReplica (state.change.logger)
[2026-03-20 15:52:45,720] TRACE [Controller id=0 epoch=5] Changed state of replica 0 for partition __consumer_offsets-49 from OnlineReplica to OnlineReplica (state.change.logger)
[2026-03-20 15:52:45,720] TRACE [Controller id=0 epoch=5] Changed state of replica 0 for partition __consumer_offsets-45 from OnlineReplica to OnlineReplica (state.change.logger)
[2026-03-20 15:52:45,720] TRACE [Controller id=0 epoch=5] Changed state of replica 0 for partition __consumer_offsets-43 from OnlineReplica to OnlineReplica (state.change.logger)
[2026-03-20 15:52:45,731] TRACE [Controller id=0 epoch=5] Changed state of replica 0 for partition __consumer_offsets-6 from OnlineReplica to OnlineReplica (state.change.logger)
[2026-03-20 15:52:45,734] TRACE [Controller id=0 epoch=5] Changed state of replica 0 for partition __consumer_offsets-47 from OnlineReplica to OnlineReplica (state.change.logger)
[2026-03-20 15:52:45,739] TRACE [Controller id=0 epoch=5] Changed state of replica 0 for partition __consumer_offsets-37 from OnlineReplica to OnlineReplica (state.change.logger)
[2026-03-20 15:52:45,740] TRACE [Controller id=0 epoch=5] Changed state of replica 0 for partition __consumer_offsets-28 from OnlineReplica to OnlineReplica (state.change.logger)
[2026-03-20 15:52:45,744] TRACE [Controller id=0 epoch=5] Changed state of replica 0 for partition __consumer_offsets-7 from OnlineReplica to OnlineReplica (state.change.logger)
[2026-03-20 15:52:45,745] TRACE [Controller id=0 epoch=5] Changed state of replica 0 for partition __consumer_offsets-33 from OnlineReplica to OnlineReplica (state.change.logger)
[2026-03-20 15:52:45,745] TRACE [Controller id=0 epoch=5] Changed state of replica 0 for partition __consumer_offsets-30 from OnlineReplica to OnlineReplica (state.change.logger)
[2026-03-20 15:52:45,747] TRACE [Controller id=0 epoch=5] Changed state of replica 0 for partition __consumer_offsets-27 from OnlineReplica to OnlineReplica (state.change.logger)
[2026-03-20 15:52:45,748] TRACE [Controller id=0 epoch=5] Changed state of replica 0 for partition __consumer_offsets-1 from OnlineReplica to OnlineReplica (state.change.logger)
[2026-03-20 15:52:45,748] TRACE [Controller id=0 epoch=5] Changed state of replica 0 for partition __consumer_offsets-31 from OnlineReplica to OnlineReplica (state.change.logger)
[2026-03-20 15:52:45,748] TRACE [Controller id=0 epoch=5] Changed state of replica 0 for partition __consumer_offsets-44 from OnlineReplica to OnlineReplica (state.change.logger)
[2026-03-20 15:52:45,748] TRACE [Controller id=0 epoch=5] Changed state of replica 0 for partition __consumer_offsets-46 from OnlineReplica to OnlineReplica (state.change.logger)
[2026-03-20 15:52:45,748] TRACE [Controller id=0 epoch=5] Changed state of replica 0 for partition __consumer_offsets-22 from OnlineReplica to OnlineReplica (state.change.logger)
[2026-03-20 15:52:45,748] TRACE [Controller id=0 epoch=5] Changed state of replica 0 for partition __consumer_offsets-4 from OnlineReplica to OnlineReplica (state.change.logger)
[2026-03-20 15:52:45,749] TRACE [Controller id=0 epoch=5] Changed state of replica 0 for partition __consumer_offsets-38 from OnlineReplica to OnlineReplica (state.change.logger)
[2026-03-20 15:52:45,749] TRACE [Controller id=0 epoch=5] Changed state of replica 0 for partition __consumer_offsets-20 from OnlineReplica to OnlineReplica (state.change.logger)
[2026-03-20 15:52:45,757] TRACE [Controller id=0 epoch=5] Sending become-leader LeaderAndIsr request PartitionState(controllerEpoch=1, leader=0, leaderEpoch=0, isr=0, zkVersion=0, replicas=0, isNew=false) to broker 0 for partition __consumer_offsets-49 (state.change.logger)
[2026-03-20 15:52:45,757] TRACE [Controller id=0 epoch=5] Received response {error_code=0} for request UPDATE_METADATA with correlation id 0 sent to broker localhost:9092 (id: 0 rack: null) (state.change.logger)
[2026-03-20 15:52:45,757] TRACE [Controller id=0 epoch=5] Sending become-leader LeaderAndIsr request PartitionState(controllerEpoch=1, leader=0, leaderEpoch=0, isr=0, zkVersion=0, replicas=0, isNew=false) to broker 0 for partition __consumer_offsets-38 (state.change.logger)
[2026-03-20 15:52:45,758] TRACE [Controller id=0 epoch=5] Sending become-leader LeaderAndIsr request PartitionState(controllerEpoch=1, leader=0, leaderEpoch=0, isr=0, zkVersion=0, replicas=0, isNew=false) to broker 0 for partition __consumer_offsets-16 (state.change.logger)
[2026-03-20 15:52:45,758] TRACE [Controller id=0 epoch=5] Sending become-leader LeaderAndIsr request PartitionState(controllerEpoch=1, leader=0, leaderEpoch=0, isr=0, zkVersion=0, replicas=0, isNew=false) to broker 0 for partition __consumer_offsets-27 (state.change.logger)
[2026-03-20 15:52:45,760] TRACE [Controller id=0 epoch=5] Sending become-leader LeaderAndIsr request PartitionState(controllerEpoch=1, leader=0, leaderEpoch=0, isr=0, zkVersion=0, replicas=0, isNew=false) to broker 0 for partition __consumer_offsets-8 (state.change.logger)
[2026-03-20 15:52:45,760] TRACE [Controller id=0 epoch=5] Sending become-leader LeaderAndIsr request PartitionState(controllerEpoch=1, leader=0, leaderEpoch=0, isr=0, zkVersion=0, replicas=0, isNew=false) to broker 0 for partition __consumer_offsets-19 (state.change.logger)
[2026-03-20 15:52:45,760] TRACE [Controller id=0 epoch=5] Sending become-leader LeaderAndIsr request PartitionState(controllerEpoch=1, leader=0, leaderEpoch=0, isr=0, zkVersion=0, replicas=0, isNew=false) to broker 0 for partition __consumer_offsets-13 (state.change.logger)
[2026-03-20 15:52:45,760] TRACE [Controller id=0 epoch=5] Sending become-leader LeaderAndIsr request PartitionState(controllerEpoch=1, leader=0, leaderEpoch=0, isr=0, zkVersion=0, replicas=0, isNew=false) to broker 0 for partition __consumer_offsets-2 (state.change.logger)
[2026-03-20 15:52:45,763] TRACE [Controller id=0 epoch=5] Sending become-leader LeaderAndIsr request PartitionState(controllerEpoch=1, leader=0, leaderEpoch=0, isr=0, zkVersion=0, replicas=0, isNew=false) to broker 0 for partition __consumer_offsets-24 (state.change.logger)
[2026-03-20 15:52:45,763] TRACE [Controller id=0 epoch=5] Sending become-leader LeaderAndIsr request PartitionState(controllerEpoch=1, leader=0, leaderEpoch=0, isr=0, zkVersion=0, replicas=0, isNew=false) to broker 0 for partition __consumer_offsets-35 (state.change.logger)
[2026-03-20 15:52:45,763] TRACE [Controller id=0 epoch=5] Sending become-leader LeaderAndIsr request PartitionState(controllerEpoch=1, leader=0, leaderEpoch=0, isr=0, zkVersion=0, replicas=0, isNew=false) to broker 0 for partition __consumer_offsets-46 (state.change.logger)
[2026-03-20 15:52:45,764] TRACE [Controller id=0 epoch=5] Sending become-leader LeaderAndIsr request PartitionState(controllerEpoch=1, leader=0, leaderEpoch=0, isr=0, zkVersion=0, replicas=0, isNew=false) to broker 0 for partition __consumer_offsets-5 (state.change.logger)
[2026-03-20 15:52:45,767] TRACE [Controller id=0 epoch=5] Sending become-leader LeaderAndIsr request PartitionState(controllerEpoch=1, leader=0, leaderEpoch=0, isr=0, zkVersion=0, replicas=0, isNew=false) to broker 0 for partition __consumer_offsets-43 (state.change.logger)
[2026-03-20 15:52:45,768] TRACE [Controller id=0 epoch=5] Sending become-leader LeaderAndIsr request PartitionState(controllerEpoch=1, leader=0, leaderEpoch=0, isr=0, zkVersion=0, replicas=0, isNew=false) to broker 0 for partition __consumer_offsets-21 (state.change.logger)
[2026-03-20 15:52:45,768] TRACE [Controller id=0 epoch=5] Sending become-leader LeaderAndIsr request PartitionState(controllerEpoch=1, leader=0, leaderEpoch=0, isr=0, zkVersion=0, replicas=0, isNew=false) to broker 0 for partition __consumer_offsets-32 (state.change.logger)
[2026-03-20 15:52:45,768] TRACE [Controller id=0 epoch=5] Sending become-leader LeaderAndIsr request PartitionState(controllerEpoch=1, leader=0, leaderEpoch=0, isr=0, zkVersion=0, replicas=0, isNew=false) to broker 0 for partition __consumer_offsets-10 (state.change.logger)
[2026-03-20 15:52:45,772] TRACE [Controller id=0 epoch=5] Sending become-leader LeaderAndIsr request PartitionState(controllerEpoch=1, leader=0, leaderEpoch=0, isr=0, zkVersion=0, replicas=0, isNew=false) to broker 0 for partition __consumer_offsets-37 (state.change.logger)
[2026-03-20 15:52:45,773] TRACE [Controller id=0 epoch=5] Sending become-leader LeaderAndIsr request PartitionState(controllerEpoch=1, leader=0, leaderEpoch=0, isr=0, zkVersion=0, replicas=0, isNew=false) to broker 0 for partition __consumer_offsets-48 (state.change.logger)
[2026-03-20 15:52:45,773] TRACE [Controller id=0 epoch=5] Sending become-leader LeaderAndIsr request PartitionState(controllerEpoch=1, leader=0, leaderEpoch=0, isr=0, zkVersion=0, replicas=0, isNew=false) to broker 0 for partition __consumer_offsets-40 (state.change.logger)
[2026-03-20 15:52:45,773] TRACE [Controller id=0 epoch=5] Sending become-leader LeaderAndIsr request PartitionState(controllerEpoch=1, leader=0, leaderEpoch=0, isr=0, zkVersion=0, replicas=0, isNew=false) to broker 0 for partition __consumer_offsets-18 (state.change.logger)
[2026-03-20 15:52:45,779] TRACE [Controller id=0 epoch=5] Sending become-leader LeaderAndIsr request PartitionState(controllerEpoch=1, leader=0, leaderEpoch=0, isr=0, zkVersion=0, replicas=0, isNew=false) to broker 0 for partition __consumer_offsets-29 (state.change.logger)
[2026-03-20 15:52:45,779] TRACE [Controller id=0 epoch=5] Sending become-leader LeaderAndIsr request PartitionState(controllerEpoch=1, leader=0, leaderEpoch=0, isr=0, zkVersion=0, replicas=0, isNew=false) to broker 0 for partition __consumer_offsets-7 (state.change.logger)
[2026-03-20 15:52:45,779] TRACE [Controller id=0 epoch=5] Sending become-leader LeaderAndIsr request PartitionState(controllerEpoch=1, leader=0, leaderEpoch=0, isr=0, zkVersion=0, replicas=0, isNew=false) to broker 0 for partition __consumer_offsets-23 (state.change.logger)
[2026-03-20 15:52:45,779] TRACE [Controller id=0 epoch=5] Sending become-leader LeaderAndIsr request PartitionState(controllerEpoch=1, leader=0, leaderEpoch=0, isr=0, zkVersion=0, replicas=0, isNew=false) to broker 0 for partition __consumer_offsets-34 (state.change.logger)
[2026-03-20 15:52:45,779] TRACE [Controller id=0 epoch=5] Sending become-leader LeaderAndIsr request PartitionState(controllerEpoch=1, leader=0, leaderEpoch=0, isr=0, zkVersion=0, replicas=0, isNew=false) to broker 0 for partition __consumer_offsets-45 (state.change.logger)
[2026-03-20 15:52:45,779] TRACE [Controller id=0 epoch=5] Sending become-leader LeaderAndIsr request PartitionState(controllerEpoch=1, leader=0, leaderEpoch=0, isr=0, zkVersion=0, replicas=0, isNew=false) to broker 0 for partition __consumer_offsets-26 (state.change.logger)
[2026-03-20 15:52:45,783] TRACE [Controller id=0 epoch=5] Sending become-leader LeaderAndIsr request PartitionState(controllerEpoch=1, leader=0, leaderEpoch=0, isr=0, zkVersion=0, replicas=0, isNew=false) to broker 0 for partition __consumer_offsets-4 (state.change.logger)
[2026-03-20 15:52:45,784] TRACE [Controller id=0 epoch=5] Sending become-leader LeaderAndIsr request PartitionState(controllerEpoch=1, leader=0, leaderEpoch=0, isr=0, zkVersion=0, replicas=0, isNew=false) to broker 0 for partition __consumer_offsets-15 (state.change.logger)
[2026-03-20 15:52:45,784] TRACE [Controller id=0 epoch=5] Sending become-leader LeaderAndIsr request PartitionState(controllerEpoch=1, leader=0, leaderEpoch=0, isr=0, zkVersion=0, replicas=0, isNew=false) to broker 0 for partition __consumer_offsets-42 (state.change.logger)
[2026-03-20 15:52:45,786] TRACE [Controller id=0 epoch=5] Sending become-leader LeaderAndIsr request PartitionState(controllerEpoch=1, leader=0, leaderEpoch=0, isr=0, zkVersion=0, replicas=0, isNew=false) to broker 0 for partition gossip-0 (state.change.logger)
[2026-03-20 15:52:45,786] TRACE [Controller id=0 epoch=5] Sending become-leader LeaderAndIsr request PartitionState(controllerEpoch=1, leader=0, leaderEpoch=0, isr=0, zkVersion=0, replicas=0, isNew=false) to broker 0 for partition __consumer_offsets-20 (state.change.logger)
[2026-03-20 15:52:45,786] TRACE [Controller id=0 epoch=5] Sending become-leader LeaderAndIsr request PartitionState(controllerEpoch=1, leader=0, leaderEpoch=0, isr=0, zkVersion=0, replicas=0, isNew=false) to broker 0 for partition __consumer_offsets-9 (state.change.logger)
[2026-03-20 15:52:45,786] TRACE [Controller id=0 epoch=5] Sending become-leader LeaderAndIsr request PartitionState(controllerEpoch=1, leader=0, leaderEpoch=0, isr=0, zkVersion=0, replicas=0, isNew=false) to broker 0 for partition __consumer_offsets-31 (state.change.logger)
[2026-03-20 15:52:45,786] TRACE [Controller id=0 epoch=5] Sending become-leader LeaderAndIsr request PartitionState(controllerEpoch=1, leader=0, leaderEpoch=0, isr=0, zkVersion=0, replicas=0, isNew=false) to broker 0 for partition test-0 (state.change.logger)
[2026-03-20 15:52:45,786] TRACE [Controller id=0 epoch=5] Sending become-leader LeaderAndIsr request PartitionState(controllerEpoch=1, leader=0, leaderEpoch=0, isr=0, zkVersion=0, replicas=0, isNew=false) to broker 0 for partition __consumer_offsets-12 (state.change.logger)
[2026-03-20 15:52:45,786] TRACE [Controller id=0 epoch=5] Sending become-leader LeaderAndIsr request PartitionState(controllerEpoch=1, leader=0, leaderEpoch=0, isr=0, zkVersion=0, replicas=0, isNew=false) to broker 0 for partition __consumer_offsets-1 (state.change.logger)
[2026-03-20 15:52:45,786] TRACE [Controller id=0 epoch=5] Sending become-leader LeaderAndIsr request PartitionState(controllerEpoch=1, leader=0, leaderEpoch=0, isr=0, zkVersion=0, replicas=0, isNew=false) to broker 0 for partition __consumer_offsets-17 (state.change.logger)
[2026-03-20 15:52:45,786] TRACE [Controller id=0 epoch=5] Sending become-leader LeaderAndIsr request PartitionState(controllerEpoch=1, leader=0, leaderEpoch=0, isr=0, zkVersion=0, replicas=0, isNew=false) to broker 0 for partition __consumer_offsets-28 (state.change.logger)
[2026-03-20 15:52:45,787] TRACE [Controller id=0 epoch=5] Sending become-leader LeaderAndIsr request PartitionState(controllerEpoch=1, leader=0, leaderEpoch=0, isr=0, zkVersion=0, replicas=0, isNew=false) to broker 0 for partition __consumer_offsets-6 (state.change.logger)
[2026-03-20 15:52:45,787] TRACE [Controller id=0 epoch=5] Sending become-leader LeaderAndIsr request PartitionState(controllerEpoch=1, leader=0, leaderEpoch=0, isr=0, zkVersion=0, replicas=0, isNew=false) to broker 0 for partition __consumer_offsets-39 (state.change.logger)
[2026-03-20 15:52:45,787] TRACE [Controller id=0 epoch=5] Sending become-leader LeaderAndIsr request PartitionState(controllerEpoch=1, leader=0, leaderEpoch=0, isr=0, zkVersion=0, replicas=0, isNew=false) to broker 0 for partition __consumer_offsets-44 (state.change.logger)
[2026-03-20 15:52:45,787] TRACE [Controller id=0 epoch=5] Sending become-leader LeaderAndIsr request PartitionState(controllerEpoch=1, leader=0, leaderEpoch=0, isr=0, zkVersion=0, replicas=0, isNew=false) to broker 0 for partition __consumer_offsets-36 (state.change.logger)
[2026-03-20 15:52:45,787] TRACE [Controller id=0 epoch=5] Sending become-leader LeaderAndIsr request PartitionState(controllerEpoch=1, leader=0, leaderEpoch=0, isr=0, zkVersion=0, replicas=0, isNew=false) to broker 0 for partition __consumer_offsets-47 (state.change.logger)
[2026-03-20 15:52:45,787] TRACE [Controller id=0 epoch=5] Sending become-leader LeaderAndIsr request PartitionState(controllerEpoch=1, leader=0, leaderEpoch=0, isr=0, zkVersion=0, replicas=0, isNew=false) to broker 0 for partition __consumer_offsets-3 (state.change.logger)
[2026-03-20 15:52:45,787] TRACE [Controller id=0 epoch=5] Sending become-leader LeaderAndIsr request PartitionState(controllerEpoch=1, leader=0, leaderEpoch=0, isr=0, zkVersion=0, replicas=0, isNew=false) to broker 0 for partition __consumer_offsets-14 (state.change.logger)
[2026-03-20 15:52:45,789] TRACE [Controller id=0 epoch=5] Sending become-leader LeaderAndIsr request PartitionState(controllerEpoch=1, leader=0, leaderEpoch=0, isr=0, zkVersion=0, replicas=0, isNew=false) to broker 0 for partition __consumer_offsets-25 (state.change.logger)
[2026-03-20 15:52:45,790] TRACE [Controller id=0 epoch=5] Sending become-leader LeaderAndIsr request PartitionState(controllerEpoch=1, leader=0, leaderEpoch=0, isr=0, zkVersion=0, replicas=0, isNew=false) to broker 0 for partition __consumer_offsets-41 (state.change.logger)
[2026-03-20 15:52:45,790] TRACE [Controller id=0 epoch=5] Sending become-leader LeaderAndIsr request PartitionState(controllerEpoch=1, leader=0, leaderEpoch=0, isr=0, zkVersion=0, replicas=0, isNew=false) to broker 0 for partition __consumer_offsets-30 (state.change.logger)
[2026-03-20 15:52:45,790] TRACE [Controller id=0 epoch=5] Sending become-leader LeaderAndIsr request PartitionState(controllerEpoch=1, leader=0, leaderEpoch=0, isr=0, zkVersion=0, replicas=0, isNew=false) to broker 0 for partition __consumer_offsets-11 (state.change.logger)
[2026-03-20 15:52:45,790] TRACE [Controller id=0 epoch=5] Sending become-leader LeaderAndIsr request PartitionState(controllerEpoch=1, leader=0, leaderEpoch=0, isr=0, zkVersion=0, replicas=0, isNew=false) to broker 0 for partition __consumer_offsets-33 (state.change.logger)
[2026-03-20 15:52:45,790] TRACE [Controller id=0 epoch=5] Sending become-leader LeaderAndIsr request PartitionState(controllerEpoch=1, leader=0, leaderEpoch=0, isr=0, zkVersion=0, replicas=0, isNew=false) to broker 0 for partition __consumer_offsets-22 (state.change.logger)
[2026-03-20 15:52:45,790] TRACE [Controller id=0 epoch=5] Sending become-leader LeaderAndIsr request PartitionState(controllerEpoch=1, leader=0, leaderEpoch=0, isr=0, zkVersion=0, replicas=0, isNew=false) to broker 0 for partition __consumer_offsets-0 (state.change.logger)
[2026-03-20 15:52:45,801] TRACE [Controller id=0 epoch=5] Sending UpdateMetadata request PartitionState(controllerEpoch=1, leader=0, leaderEpoch=0, isr=[0], zkVersion=0, replicas=[0], offlineReplicas=[]) to brokers Set(0) for partition __consumer_offsets-49 (state.change.logger)
[2026-03-20 15:52:45,801] TRACE [Controller id=0 epoch=5] Sending UpdateMetadata request PartitionState(controllerEpoch=1, leader=0, leaderEpoch=0, isr=[0], zkVersion=0, replicas=[0], offlineReplicas=[]) to brokers Set(0) for partition __consumer_offsets-38 (state.change.logger)
[2026-03-20 15:52:45,801] TRACE [Controller id=0 epoch=5] Sending UpdateMetadata request PartitionState(controllerEpoch=1, leader=0, leaderEpoch=0, isr=[0], zkVersion=0, replicas=[0], offlineReplicas=[]) to brokers Set(0) for partition __consumer_offsets-27 (state.change.logger)
[2026-03-20 15:52:45,801] TRACE [Controller id=0 epoch=5] Sending UpdateMetadata request PartitionState(controllerEpoch=1, leader=0, leaderEpoch=0, isr=[0], zkVersion=0, replicas=[0], offlineReplicas=[]) to brokers Set(0) for partition __consumer_offsets-16 (state.change.logger)
[2026-03-20 15:52:45,803] TRACE [Controller id=0 epoch=5] Sending UpdateMetadata request PartitionState(controllerEpoch=1, leader=0, leaderEpoch=0, isr=[0], zkVersion=0, replicas=[0], offlineReplicas=[]) to brokers Set(0) for partition __consumer_offsets-19 (state.change.logger)
[2026-03-20 15:52:45,803] TRACE [Controller id=0 epoch=5] Sending UpdateMetadata request PartitionState(controllerEpoch=1, leader=0, leaderEpoch=0, isr=[0], zkVersion=0, replicas=[0], offlineReplicas=[]) to brokers Set(0) for partition __consumer_offsets-8 (state.change.logger)
[2026-03-20 15:52:45,804] TRACE [Controller id=0 epoch=5] Sending UpdateMetadata request PartitionState(controllerEpoch=1, leader=0, leaderEpoch=0, isr=[0], zkVersion=0, replicas=[0], offlineReplicas=[]) to brokers Set(0) for partition __consumer_offsets-2 (state.change.logger)
[2026-03-20 15:52:45,804] TRACE [Controller id=0 epoch=5] Sending UpdateMetadata request PartitionState(controllerEpoch=1, leader=0, leaderEpoch=0, isr=[0], zkVersion=0, replicas=[0], offlineReplicas=[]) to brokers Set(0) for partition __consumer_offsets-13 (state.change.logger)
[2026-03-20 15:52:45,805] TRACE [Controller id=0 epoch=5] Sending UpdateMetadata request PartitionState(controllerEpoch=1, leader=0, leaderEpoch=0, isr=[0], zkVersion=0, replicas=[0], offlineReplicas=[]) to brokers Set(0) for partition __consumer_offsets-46 (state.change.logger)
[2026-03-20 15:52:45,809] TRACE [Controller id=0 epoch=5] Sending UpdateMetadata request PartitionState(controllerEpoch=1, leader=0, leaderEpoch=0, isr=[0], zkVersion=0, replicas=[0], offlineReplicas=[]) to brokers Set(0) for partition __consumer_offsets-24 (state.change.logger)
[2026-03-20 15:52:45,809] TRACE [Controller id=0 epoch=5] Sending UpdateMetadata request PartitionState(controllerEpoch=1, leader=0, leaderEpoch=0, isr=[0], zkVersion=0, replicas=[0], offlineReplicas=[]) to brokers Set(0) for partition __consumer_offsets-35 (state.change.logger)
[2026-03-20 15:52:45,809] TRACE [Controller id=0 epoch=5] Sending UpdateMetadata request PartitionState(controllerEpoch=1, leader=0, leaderEpoch=0, isr=[0], zkVersion=0, replicas=[0], offlineReplicas=[]) to brokers Set(0) for partition __consumer_offsets-5 (state.change.logger)
[2026-03-20 15:52:45,810] TRACE [Controller id=0 epoch=5] Sending UpdateMetadata request PartitionState(controllerEpoch=1, leader=0, leaderEpoch=0, isr=[0], zkVersion=0, replicas=[0], offlineReplicas=[]) to brokers Set(0) for partition __consumer_offsets-43 (state.change.logger)
[2026-03-20 15:52:45,812] TRACE [Controller id=0 epoch=5] Sending UpdateMetadata request PartitionState(controllerEpoch=1, leader=0, leaderEpoch=0, isr=[0], zkVersion=0, replicas=[0], offlineReplicas=[]) to brokers Set(0) for partition __consumer_offsets-21 (state.change.logger)
[2026-03-20 15:52:45,813] TRACE [Controller id=0 epoch=5] Sending UpdateMetadata request PartitionState(controllerEpoch=1, leader=0, leaderEpoch=0, isr=[0], zkVersion=0, replicas=[0], offlineReplicas=[]) to brokers Set(0) for partition __consumer_offsets-32 (state.change.logger)
[2026-03-20 15:52:45,813] TRACE [Controller id=0 epoch=5] Sending UpdateMetadata request PartitionState(controllerEpoch=1, leader=0, leaderEpoch=0, isr=[0], zkVersion=0, replicas=[0], offlineReplicas=[]) to brokers Set(0) for partition __consumer_offsets-10 (state.change.logger)
[2026-03-20 15:52:45,816] TRACE [Controller id=0 epoch=5] Sending UpdateMetadata request PartitionState(controllerEpoch=1, leader=0, leaderEpoch=0, isr=[0], zkVersion=0, replicas=[0], offlineReplicas=[]) to brokers Set(0) for partition __consumer_offsets-37 (state.change.logger)
[2026-03-20 15:52:45,817] TRACE [Controller id=0 epoch=5] Sending UpdateMetadata request PartitionState(controllerEpoch=1, leader=0, leaderEpoch=0, isr=[0], zkVersion=0, replicas=[0], offlineReplicas=[]) to brokers Set(0) for partition __consumer_offsets-48 (state.change.logger)
[2026-03-20 15:52:45,817] TRACE [Controller id=0 epoch=5] Sending UpdateMetadata request PartitionState(controllerEpoch=1, leader=0, leaderEpoch=0, isr=[0], zkVersion=0, replicas=[0], offlineReplicas=[]) to brokers Set(0) for partition __consumer_offsets-40 (state.change.logger)
[2026-03-20 15:52:45,817] TRACE [Controller id=0 epoch=5] Sending UpdateMetadata request PartitionState(controllerEpoch=1, leader=0, leaderEpoch=0, isr=[0], zkVersion=0, replicas=[0], offlineReplicas=[]) to brokers Set(0) for partition __consumer_offsets-29 (state.change.logger)
[2026-03-20 15:52:45,817] TRACE [Controller id=0 epoch=5] Sending UpdateMetadata request PartitionState(controllerEpoch=1, leader=0, leaderEpoch=0, isr=[0], zkVersion=0, replicas=[0], offlineReplicas=[]) to brokers Set(0) for partition __consumer_offsets-18 (state.change.logger)
[2026-03-20 15:52:45,817] TRACE [Controller id=0 epoch=5] Sending UpdateMetadata request PartitionState(controllerEpoch=1, leader=0, leaderEpoch=0, isr=[0], zkVersion=0, replicas=[0], offlineReplicas=[]) to brokers Set(0) for partition __consumer_offsets-7 (state.change.logger)
[2026-03-20 15:52:45,817] TRACE [Controller id=0 epoch=5] Sending UpdateMetadata request PartitionState(controllerEpoch=1, leader=0, leaderEpoch=0, isr=[0], zkVersion=0, replicas=[0], offlineReplicas=[]) to brokers Set(0) for partition __consumer_offsets-45 (state.change.logger)
[2026-03-20 15:52:45,818] TRACE [Controller id=0 epoch=5] Sending UpdateMetadata request PartitionState(controllerEpoch=1, leader=0, leaderEpoch=0, isr=[0], zkVersion=0, replicas=[0], offlineReplicas=[]) to brokers Set(0) for partition __consumer_offsets-23 (state.change.logger)
[2026-03-20 15:52:45,820] TRACE [Controller id=0 epoch=5] Sending UpdateMetadata request PartitionState(controllerEpoch=1, leader=0, leaderEpoch=0, isr=[0], zkVersion=0, replicas=[0], offlineReplicas=[]) to brokers Set(0) for partition __consumer_offsets-34 (state.change.logger)
[2026-03-20 15:52:45,820] TRACE [Controller id=0 epoch=5] Sending UpdateMetadata request PartitionState(controllerEpoch=1, leader=0, leaderEpoch=0, isr=[0], zkVersion=0, replicas=[0], offlineReplicas=[]) to brokers Set(0) for partition __consumer_offsets-26 (state.change.logger)
[2026-03-20 15:52:45,820] TRACE [Controller id=0 epoch=5] Sending UpdateMetadata request PartitionState(controllerEpoch=1, leader=0, leaderEpoch=0, isr=[0], zkVersion=0, replicas=[0], offlineReplicas=[]) to brokers Set(0) for partition __consumer_offsets-4 (state.change.logger)
[2026-03-20 15:52:45,824] TRACE [Controller id=0 epoch=5] Sending UpdateMetadata request PartitionState(controllerEpoch=1, leader=0, leaderEpoch=0, isr=[0], zkVersion=0, replicas=[0], offlineReplicas=[]) to brokers Set(0) for partition __consumer_offsets-15 (state.change.logger)
[2026-03-20 15:52:45,825] TRACE [Controller id=0 epoch=5] Sending UpdateMetadata request PartitionState(controllerEpoch=1, leader=0, leaderEpoch=0, isr=[0], zkVersion=0, replicas=[0], offlineReplicas=[]) to brokers Set(0) for partition __consumer_offsets-42 (state.change.logger)
[2026-03-20 15:52:45,826] TRACE [Controller id=0 epoch=5] Sending UpdateMetadata request PartitionState(controllerEpoch=1, leader=0, leaderEpoch=0, isr=[0], zkVersion=0, replicas=[0], offlineReplicas=[]) to brokers Set(0) for partition gossip-0 (state.change.logger)
[2026-03-20 15:52:45,826] TRACE [Controller id=0 epoch=5] Sending UpdateMetadata request PartitionState(controllerEpoch=1, leader=0, leaderEpoch=0, isr=[0], zkVersion=0, replicas=[0], offlineReplicas=[]) to brokers Set(0) for partition __consumer_offsets-20 (state.change.logger)
[2026-03-20 15:52:45,827] TRACE [Controller id=0 epoch=5] Sending UpdateMetadata request PartitionState(controllerEpoch=1, leader=0, leaderEpoch=0, isr=[0], zkVersion=0, replicas=[0], offlineReplicas=[]) to brokers Set(0) for partition __consumer_offsets-31 (state.change.logger)
[2026-03-20 15:52:45,827] TRACE [Controller id=0 epoch=5] Sending UpdateMetadata request PartitionState(controllerEpoch=1, leader=0, leaderEpoch=0, isr=[0], zkVersion=0, replicas=[0], offlineReplicas=[]) to brokers Set(0) for partition __consumer_offsets-9 (state.change.logger)
[2026-03-20 15:52:45,827] TRACE [Controller id=0 epoch=5] Sending UpdateMetadata request PartitionState(controllerEpoch=1, leader=0, leaderEpoch=0, isr=[0], zkVersion=0, replicas=[0], offlineReplicas=[]) to brokers Set(0) for partition test-0 (state.change.logger)
[2026-03-20 15:52:45,827] TRACE [Controller id=0 epoch=5] Sending UpdateMetadata request PartitionState(controllerEpoch=1, leader=0, leaderEpoch=0, isr=[0], zkVersion=0, replicas=[0], offlineReplicas=[]) to brokers Set(0) for partition __consumer_offsets-1 (state.change.logger)
[2026-03-20 15:52:45,827] TRACE [Controller id=0 epoch=5] Sending UpdateMetadata request PartitionState(controllerEpoch=1, leader=0, leaderEpoch=0, isr=[0], zkVersion=0, replicas=[0], offlineReplicas=[]) to brokers Set(0) for partition __consumer_offsets-12 (state.change.logger)
[2026-03-20 15:52:45,827] TRACE [Controller id=0 epoch=5] Sending UpdateMetadata request PartitionState(controllerEpoch=1, leader=0, leaderEpoch=0, isr=[0], zkVersion=0, replicas=[0], offlineReplicas=[]) to brokers Set(0) for partition __consumer_offsets-28 (state.change.logger)
[2026-03-20 15:52:45,828] TRACE [Controller id=0 epoch=5] Sending UpdateMetadata request PartitionState(controllerEpoch=1, leader=0, leaderEpoch=0, isr=[0], zkVersion=0, replicas=[0], offlineReplicas=[]) to brokers Set(0) for partition __consumer_offsets-17 (state.change.logger)
[2026-03-20 15:52:45,828] TRACE [Controller id=0 epoch=5] Sending UpdateMetadata request PartitionState(controllerEpoch=1, leader=0, leaderEpoch=0, isr=[0], zkVersion=0, replicas=[0], offlineReplicas=[]) to brokers Set(0) for partition __consumer_offsets-6 (state.change.logger)
[2026-03-20 15:52:45,828] TRACE [Controller id=0 epoch=5] Sending UpdateMetadata request PartitionState(controllerEpoch=1, leader=0, leaderEpoch=0, isr=[0], zkVersion=0, replicas=[0], offlineReplicas=[]) to brokers Set(0) for partition __consumer_offsets-39 (state.change.logger)
[2026-03-20 15:52:45,828] TRACE [Controller id=0 epoch=5] Sending UpdateMetadata request PartitionState(controllerEpoch=1, leader=0, leaderEpoch=0, isr=[0], zkVersion=0, replicas=[0], offlineReplicas=[]) to brokers Set(0) for partition __consumer_offsets-44 (state.change.logger)
[2026-03-20 15:52:45,828] TRACE [Controller id=0 epoch=5] Sending UpdateMetadata request PartitionState(controllerEpoch=1, leader=0, leaderEpoch=0, isr=[0], zkVersion=0, replicas=[0], offlineReplicas=[]) to brokers Set(0) for partition __consumer_offsets-47 (state.change.logger)
[2026-03-20 15:52:45,828] TRACE [Controller id=0 epoch=5] Sending UpdateMetadata request PartitionState(controllerEpoch=1, leader=0, leaderEpoch=0, isr=[0], zkVersion=0, replicas=[0], offlineReplicas=[]) to brokers Set(0) for partition __consumer_offsets-36 (state.change.logger)
[2026-03-20 15:52:45,828] TRACE [Controller id=0 epoch=5] Sending UpdateMetadata request PartitionState(controllerEpoch=1, leader=0, leaderEpoch=0, isr=[0], zkVersion=0, replicas=[0], offlineReplicas=[]) to brokers Set(0) for partition __consumer_offsets-25 (state.change.logger)
[2026-03-20 15:52:45,828] TRACE [Controller id=0 epoch=5] Sending UpdateMetadata request PartitionState(controllerEpoch=1, leader=0, leaderEpoch=0, isr=[0], zkVersion=0, replicas=[0], offlineReplicas=[]) to brokers Set(0) for partition __consumer_offsets-14 (state.change.logger)
[2026-03-20 15:52:45,830] TRACE [Controller id=0 epoch=5] Sending UpdateMetadata request PartitionState(controllerEpoch=1, leader=0, leaderEpoch=0, isr=[0], zkVersion=0, replicas=[0], offlineReplicas=[]) to brokers Set(0) for partition __consumer_offsets-3 (state.change.logger)
[2026-03-20 15:52:45,830] TRACE [Controller id=0 epoch=5] Sending UpdateMetadata request PartitionState(controllerEpoch=1, leader=0, leaderEpoch=0, isr=[0], zkVersion=0, replicas=[0], offlineReplicas=[]) to brokers Set(0) for partition __consumer_offsets-30 (state.change.logger)
[2026-03-20 15:52:45,830] TRACE [Controller id=0 epoch=5] Sending UpdateMetadata request PartitionState(controllerEpoch=1, leader=0, leaderEpoch=0, isr=[0], zkVersion=0, replicas=[0], offlineReplicas=[]) to brokers Set(0) for partition __consumer_offsets-41 (state.change.logger)
[2026-03-20 15:52:45,827] TRACE [Broker id=0] Received LeaderAndIsr request PartitionState(controllerEpoch=1, leader=0, leaderEpoch=0, isr=0, zkVersion=0, replicas=0, isNew=false) correlation id 1 from controller 0 epoch 5 for partition __consumer_offsets-13 (state.change.logger)
[2026-03-20 15:52:45,833] TRACE [Controller id=0 epoch=5] Sending UpdateMetadata request PartitionState(controllerEpoch=1, leader=0, leaderEpoch=0, isr=[0], zkVersion=0, replicas=[0], offlineReplicas=[]) to brokers Set(0) for partition __consumer_offsets-22 (state.change.logger)
[2026-03-20 15:52:45,833] TRACE [Broker id=0] Received LeaderAndIsr request PartitionState(controllerEpoch=1, leader=0, leaderEpoch=0, isr=0, zkVersion=0, replicas=0, isNew=false) correlation id 1 from controller 0 epoch 5 for partition __consumer_offsets-46 (state.change.logger)
[2026-03-20 15:52:45,833] TRACE [Controller id=0 epoch=5] Sending UpdateMetadata request PartitionState(controllerEpoch=1, leader=0, leaderEpoch=0, isr=[0], zkVersion=0, replicas=[0], offlineReplicas=[]) to brokers Set(0) for partition __consumer_offsets-33 (state.change.logger)
[2026-03-20 15:52:45,833] TRACE [Broker id=0] Received LeaderAndIsr request PartitionState(controllerEpoch=1, leader=0, leaderEpoch=0, isr=0, zkVersion=0, replicas=0, isNew=false) correlation id 1 from controller 0 epoch 5 for partition __consumer_offsets-9 (state.change.logger)
[2026-03-20 15:52:45,853] TRACE [Broker id=0] Received LeaderAndIsr request PartitionState(controllerEpoch=1, leader=0, leaderEpoch=0, isr=0, zkVersion=0, replicas=0, isNew=false) correlation id 1 from controller 0 epoch 5 for partition __consumer_offsets-42 (state.change.logger)
[2026-03-20 15:52:45,853] TRACE [Controller id=0 epoch=5] Sending UpdateMetadata request PartitionState(controllerEpoch=1, leader=0, leaderEpoch=0, isr=[0], zkVersion=0, replicas=[0], offlineReplicas=[]) to brokers Set(0) for partition __consumer_offsets-11 (state.change.logger)
[2026-03-20 15:52:45,853] TRACE [Broker id=0] Received LeaderAndIsr request PartitionState(controllerEpoch=1, leader=0, leaderEpoch=0, isr=0, zkVersion=0, replicas=0, isNew=false) correlation id 1 from controller 0 epoch 5 for partition __consumer_offsets-21 (state.change.logger)
[2026-03-20 15:52:45,853] TRACE [Controller id=0 epoch=5] Sending UpdateMetadata request PartitionState(controllerEpoch=1, leader=0, leaderEpoch=0, isr=[0], zkVersion=0, replicas=[0], offlineReplicas=[]) to brokers Set(0) for partition __consumer_offsets-0 (state.change.logger)
[2026-03-20 15:52:45,853] TRACE [Broker id=0] Received LeaderAndIsr request PartitionState(controllerEpoch=1, leader=0, leaderEpoch=0, isr=0, zkVersion=0, replicas=0, isNew=false) correlation id 1 from controller 0 epoch 5 for partition __consumer_offsets-17 (state.change.logger)
[2026-03-20 15:52:45,853] TRACE [Broker id=0] Received LeaderAndIsr request PartitionState(controllerEpoch=1, leader=0, leaderEpoch=0, isr=0, zkVersion=0, replicas=0, isNew=false) correlation id 1 from controller 0 epoch 5 for partition __consumer_offsets-30 (state.change.logger)
[2026-03-20 15:52:45,855] TRACE [Broker id=0] Received LeaderAndIsr request PartitionState(controllerEpoch=1, leader=0, leaderEpoch=0, isr=0, zkVersion=0, replicas=0, isNew=false) correlation id 1 from controller 0 epoch 5 for partition __consumer_offsets-26 (state.change.logger)
[2026-03-20 15:52:45,855] TRACE [Broker id=0] Received LeaderAndIsr request PartitionState(controllerEpoch=1, leader=0, leaderEpoch=0, isr=0, zkVersion=0, replicas=0, isNew=false) correlation id 1 from controller 0 epoch 5 for partition __consumer_offsets-5 (state.change.logger)
[2026-03-20 15:52:45,855] TRACE [Broker id=0] Received LeaderAndIsr request PartitionState(controllerEpoch=1, leader=0, leaderEpoch=0, isr=0, zkVersion=0, replicas=0, isNew=false) correlation id 1 from controller 0 epoch 5 for partition __consumer_offsets-38 (state.change.logger)
[2026-03-20 15:52:45,855] TRACE [Broker id=0] Received LeaderAndIsr request PartitionState(controllerEpoch=1, leader=0, leaderEpoch=0, isr=0, zkVersion=0, replicas=0, isNew=false) correlation id 1 from controller 0 epoch 5 for partition __consumer_offsets-1 (state.change.logger)
[2026-03-20 15:52:45,855] TRACE [Broker id=0] Received LeaderAndIsr request PartitionState(controllerEpoch=1, leader=0, leaderEpoch=0, isr=0, zkVersion=0, replicas=0, isNew=false) correlation id 1 from controller 0 epoch 5 for partition __consumer_offsets-34 (state.change.logger)
[2026-03-20 15:52:45,855] TRACE [Broker id=0] Received LeaderAndIsr request PartitionState(controllerEpoch=1, leader=0, leaderEpoch=0, isr=0, zkVersion=0, replicas=0, isNew=false) correlation id 1 from controller 0 epoch 5 for partition __consumer_offsets-16 (state.change.logger)
[2026-03-20 15:52:45,855] TRACE [Broker id=0] Received LeaderAndIsr request PartitionState(controllerEpoch=1, leader=0, leaderEpoch=0, isr=0, zkVersion=0, replicas=0, isNew=false) correlation id 1 from controller 0 epoch 5 for partition __consumer_offsets-45 (state.change.logger)
[2026-03-20 15:52:45,855] TRACE [Broker id=0] Received LeaderAndIsr request PartitionState(controllerEpoch=1, leader=0, leaderEpoch=0, isr=0, zkVersion=0, replicas=0, isNew=false) correlation id 1 from controller 0 epoch 5 for partition gossip-0 (state.change.logger)
[2026-03-20 15:52:45,855] TRACE [Broker id=0] Received LeaderAndIsr request PartitionState(controllerEpoch=1, leader=0, leaderEpoch=0, isr=0, zkVersion=0, replicas=0, isNew=false) correlation id 1 from controller 0 epoch 5 for partition __consumer_offsets-12 (state.change.logger)
[2026-03-20 15:52:45,855] TRACE [Broker id=0] Received LeaderAndIsr request PartitionState(controllerEpoch=1, leader=0, leaderEpoch=0, isr=0, zkVersion=0, replicas=0, isNew=false) correlation id 1 from controller 0 epoch 5 for partition __consumer_offsets-41 (state.change.logger)
[2026-03-20 15:52:45,855] TRACE [Broker id=0] Received LeaderAndIsr request PartitionState(controllerEpoch=1, leader=0, leaderEpoch=0, isr=0, zkVersion=0, replicas=0, isNew=false) correlation id 1 from controller 0 epoch 5 for partition __consumer_offsets-24 (state.change.logger)
[2026-03-20 15:52:45,855] TRACE [Broker id=0] Received LeaderAndIsr request PartitionState(controllerEpoch=1, leader=0, leaderEpoch=0, isr=0, zkVersion=0, replicas=0, isNew=false) correlation id 1 from controller 0 epoch 5 for partition __consumer_offsets-20 (state.change.logger)
[2026-03-20 15:52:45,855] TRACE [Broker id=0] Received LeaderAndIsr request PartitionState(controllerEpoch=1, leader=0, leaderEpoch=0, isr=0, zkVersion=0, replicas=0, isNew=false) correlation id 1 from controller 0 epoch 5 for partition __consumer_offsets-49 (state.change.logger)
[2026-03-20 15:52:45,855] TRACE [Broker id=0] Received LeaderAndIsr request PartitionState(controllerEpoch=1, leader=0, leaderEpoch=0, isr=0, zkVersion=0, replicas=0, isNew=false) correlation id 1 from controller 0 epoch 5 for partition __consumer_offsets-0 (state.change.logger)
[2026-03-20 15:52:45,860] TRACE [Broker id=0] Received LeaderAndIsr request PartitionState(controllerEpoch=1, leader=0, leaderEpoch=0, isr=0, zkVersion=0, replicas=0, isNew=false) correlation id 1 from controller 0 epoch 5 for partition __consumer_offsets-29 (state.change.logger)
[2026-03-20 15:52:45,869] TRACE [Broker id=0] Received LeaderAndIsr request PartitionState(controllerEpoch=1, leader=0, leaderEpoch=0, isr=0, zkVersion=0, replicas=0, isNew=false) correlation id 1 from controller 0 epoch 5 for partition __consumer_offsets-25 (state.change.logger)
[2026-03-20 15:52:45,869] TRACE [Broker id=0] Received LeaderAndIsr request PartitionState(controllerEpoch=1, leader=0, leaderEpoch=0, isr=0, zkVersion=0, replicas=0, isNew=false) correlation id 1 from controller 0 epoch 5 for partition __consumer_offsets-8 (state.change.logger)
[2026-03-20 15:52:45,869] TRACE [Broker id=0] Received LeaderAndIsr request PartitionState(controllerEpoch=1, leader=0, leaderEpoch=0, isr=0, zkVersion=0, replicas=0, isNew=false) correlation id 1 from controller 0 epoch 5 for partition __consumer_offsets-37 (state.change.logger)
[2026-03-20 15:52:45,869] TRACE [Broker id=0] Received LeaderAndIsr request PartitionState(controllerEpoch=1, leader=0, leaderEpoch=0, isr=0, zkVersion=0, replicas=0, isNew=false) correlation id 1 from controller 0 epoch 5 for partition __consumer_offsets-4 (state.change.logger)
[2026-03-20 15:52:45,871] TRACE [Broker id=0] Received LeaderAndIsr request PartitionState(controllerEpoch=1, leader=0, leaderEpoch=0, isr=0, zkVersion=0, replicas=0, isNew=false) correlation id 1 from controller 0 epoch 5 for partition __consumer_offsets-33 (state.change.logger)
[2026-03-20 15:52:45,871] TRACE [Broker id=0] Received LeaderAndIsr request PartitionState(controllerEpoch=1, leader=0, leaderEpoch=0, isr=0, zkVersion=0, replicas=0, isNew=false) correlation id 1 from controller 0 epoch 5 for partition __consumer_offsets-15 (state.change.logger)
[2026-03-20 15:52:45,871] TRACE [Broker id=0] Received LeaderAndIsr request PartitionState(controllerEpoch=1, leader=0, leaderEpoch=0, isr=0, zkVersion=0, replicas=0, isNew=false) correlation id 1 from controller 0 epoch 5 for partition __consumer_offsets-48 (state.change.logger)
[2026-03-20 15:52:45,871] TRACE [Broker id=0] Received LeaderAndIsr request PartitionState(controllerEpoch=1, leader=0, leaderEpoch=0, isr=0, zkVersion=0, replicas=0, isNew=false) correlation id 1 from controller 0 epoch 5 for partition __consumer_offsets-11 (state.change.logger)
[2026-03-20 15:52:45,873] TRACE [Broker id=0] Received LeaderAndIsr request PartitionState(controllerEpoch=1, leader=0, leaderEpoch=0, isr=0, zkVersion=0, replicas=0, isNew=false) correlation id 1 from controller 0 epoch 5 for partition __consumer_offsets-44 (state.change.logger)
[2026-03-20 15:52:45,874] TRACE [Broker id=0] Received LeaderAndIsr request PartitionState(controllerEpoch=1, leader=0, leaderEpoch=0, isr=0, zkVersion=0, replicas=0, isNew=false) correlation id 1 from controller 0 epoch 5 for partition __consumer_offsets-23 (state.change.logger)
[2026-03-20 15:52:45,874] TRACE [Broker id=0] Received LeaderAndIsr request PartitionState(controllerEpoch=1, leader=0, leaderEpoch=0, isr=0, zkVersion=0, replicas=0, isNew=false) correlation id 1 from controller 0 epoch 5 for partition __consumer_offsets-19 (state.change.logger)
[2026-03-20 15:52:45,874] TRACE [Broker id=0] Received LeaderAndIsr request PartitionState(controllerEpoch=1, leader=0, leaderEpoch=0, isr=0, zkVersion=0, replicas=0, isNew=false) correlation id 1 from controller 0 epoch 5 for partition __consumer_offsets-32 (state.change.logger)
[2026-03-20 15:52:45,874] TRACE [Broker id=0] Received LeaderAndIsr request PartitionState(controllerEpoch=1, leader=0, leaderEpoch=0, isr=0, zkVersion=0, replicas=0, isNew=false) correlation id 1 from controller 0 epoch 5 for partition __consumer_offsets-28 (state.change.logger)
[2026-03-20 15:52:45,874] TRACE [Broker id=0] Received LeaderAndIsr request PartitionState(controllerEpoch=1, leader=0, leaderEpoch=0, isr=0, zkVersion=0, replicas=0, isNew=false) correlation id 1 from controller 0 epoch 5 for partition __consumer_offsets-7 (state.change.logger)
[2026-03-20 15:52:45,874] TRACE [Broker id=0] Received LeaderAndIsr request PartitionState(controllerEpoch=1, leader=0, leaderEpoch=0, isr=0, zkVersion=0, replicas=0, isNew=false) correlation id 1 from controller 0 epoch 5 for partition __consumer_offsets-40 (state.change.logger)
[2026-03-20 15:52:45,874] TRACE [Broker id=0] Received LeaderAndIsr request PartitionState(controllerEpoch=1, leader=0, leaderEpoch=0, isr=0, zkVersion=0, replicas=0, isNew=false) correlation id 1 from controller 0 epoch 5 for partition __consumer_offsets-3 (state.change.logger)
[2026-03-20 15:52:45,877] TRACE [Broker id=0] Received LeaderAndIsr request PartitionState(controllerEpoch=1, leader=0, leaderEpoch=0, isr=0, zkVersion=0, replicas=0, isNew=false) correlation id 1 from controller 0 epoch 5 for partition __consumer_offsets-36 (state.change.logger)
[2026-03-20 15:52:45,878] TRACE [Broker id=0] Received LeaderAndIsr request PartitionState(controllerEpoch=1, leader=0, leaderEpoch=0, isr=0, zkVersion=0, replicas=0, isNew=false) correlation id 1 from controller 0 epoch 5 for partition __consumer_offsets-47 (state.change.logger)
[2026-03-20 15:52:45,878] TRACE [Broker id=0] Received LeaderAndIsr request PartitionState(controllerEpoch=1, leader=0, leaderEpoch=0, isr=0, zkVersion=0, replicas=0, isNew=false) correlation id 1 from controller 0 epoch 5 for partition __consumer_offsets-14 (state.change.logger)
[2026-03-20 15:52:45,878] TRACE [Broker id=0] Received LeaderAndIsr request PartitionState(controllerEpoch=1, leader=0, leaderEpoch=0, isr=0, zkVersion=0, replicas=0, isNew=false) correlation id 1 from controller 0 epoch 5 for partition __consumer_offsets-43 (state.change.logger)
[2026-03-20 15:52:45,878] TRACE [Broker id=0] Received LeaderAndIsr request PartitionState(controllerEpoch=1, leader=0, leaderEpoch=0, isr=0, zkVersion=0, replicas=0, isNew=false) correlation id 1 from controller 0 epoch 5 for partition test-0 (state.change.logger)
[2026-03-20 15:52:45,878] TRACE [Broker id=0] Received LeaderAndIsr request PartitionState(controllerEpoch=1, leader=0, leaderEpoch=0, isr=0, zkVersion=0, replicas=0, isNew=false) correlation id 1 from controller 0 epoch 5 for partition __consumer_offsets-10 (state.change.logger)
[2026-03-20 15:52:45,878] TRACE [Broker id=0] Received LeaderAndIsr request PartitionState(controllerEpoch=1, leader=0, leaderEpoch=0, isr=0, zkVersion=0, replicas=0, isNew=false) correlation id 1 from controller 0 epoch 5 for partition __consumer_offsets-22 (state.change.logger)
[2026-03-20 15:52:45,878] TRACE [Broker id=0] Received LeaderAndIsr request PartitionState(controllerEpoch=1, leader=0, leaderEpoch=0, isr=0, zkVersion=0, replicas=0, isNew=false) correlation id 1 from controller 0 epoch 5 for partition __consumer_offsets-18 (state.change.logger)
[2026-03-20 15:52:45,878] TRACE [Broker id=0] Received LeaderAndIsr request PartitionState(controllerEpoch=1, leader=0, leaderEpoch=0, isr=0, zkVersion=0, replicas=0, isNew=false) correlation id 1 from controller 0 epoch 5 for partition __consumer_offsets-31 (state.change.logger)
[2026-03-20 15:52:45,879] TRACE [Broker id=0] Received LeaderAndIsr request PartitionState(controllerEpoch=1, leader=0, leaderEpoch=0, isr=0, zkVersion=0, replicas=0, isNew=false) correlation id 1 from controller 0 epoch 5 for partition __consumer_offsets-27 (state.change.logger)
[2026-03-20 15:52:45,880] TRACE [Broker id=0] Received LeaderAndIsr request PartitionState(controllerEpoch=1, leader=0, leaderEpoch=0, isr=0, zkVersion=0, replicas=0, isNew=false) correlation id 1 from controller 0 epoch 5 for partition __consumer_offsets-39 (state.change.logger)
[2026-03-20 15:52:45,880] TRACE [Broker id=0] Received LeaderAndIsr request PartitionState(controllerEpoch=1, leader=0, leaderEpoch=0, isr=0, zkVersion=0, replicas=0, isNew=false) correlation id 1 from controller 0 epoch 5 for partition __consumer_offsets-6 (state.change.logger)
[2026-03-20 15:52:45,880] TRACE [Broker id=0] Received LeaderAndIsr request PartitionState(controllerEpoch=1, leader=0, leaderEpoch=0, isr=0, zkVersion=0, replicas=0, isNew=false) correlation id 1 from controller 0 epoch 5 for partition __consumer_offsets-35 (state.change.logger)
[2026-03-20 15:52:45,880] TRACE [Broker id=0] Received LeaderAndIsr request PartitionState(controllerEpoch=1, leader=0, leaderEpoch=0, isr=0, zkVersion=0, replicas=0, isNew=false) correlation id 1 from controller 0 epoch 5 for partition __consumer_offsets-2 (state.change.logger)
[2026-03-20 15:52:45,947] WARN [Broker id=0] Ignoring LeaderAndIsr request from controller 0 with correlation id 1 epoch 5 for partition __consumer_offsets-13 since its associated leader epoch 0 is not higher than the current leader epoch 0 (state.change.logger)
[2026-03-20 15:52:45,947] WARN [Broker id=0] Ignoring LeaderAndIsr request from controller 0 with correlation id 1 epoch 5 for partition __consumer_offsets-46 since its associated leader epoch 0 is not higher than the current leader epoch 0 (state.change.logger)
[2026-03-20 15:52:45,947] WARN [Broker id=0] Ignoring LeaderAndIsr request from controller 0 with correlation id 1 epoch 5 for partition __consumer_offsets-9 since its associated leader epoch 0 is not higher than the current leader epoch 0 (state.change.logger)
[2026-03-20 15:52:45,947] WARN [Broker id=0] Ignoring LeaderAndIsr request from controller 0 with correlation id 1 epoch 5 for partition __consumer_offsets-42 since its associated leader epoch 0 is not higher than the current leader epoch 0 (state.change.logger)
[2026-03-20 15:52:45,947] WARN [Broker id=0] Ignoring LeaderAndIsr request from controller 0 with correlation id 1 epoch 5 for partition __consumer_offsets-21 since its associated leader epoch 0 is not higher than the current leader epoch 0 (state.change.logger)
[2026-03-20 15:52:45,947] WARN [Broker id=0] Ignoring LeaderAndIsr request from controller 0 with correlation id 1 epoch 5 for partition __consumer_offsets-17 since its associated leader epoch 0 is not higher than the current leader epoch 0 (state.change.logger)
[2026-03-20 15:52:45,947] WARN [Broker id=0] Ignoring LeaderAndIsr request from controller 0 with correlation id 1 epoch 5 for partition __consumer_offsets-30 since its associated leader epoch 0 is not higher than the current leader epoch 0 (state.change.logger)
[2026-03-20 15:52:45,947] WARN [Broker id=0] Ignoring LeaderAndIsr request from controller 0 with correlation id 1 epoch 5 for partition __consumer_offsets-26 since its associated leader epoch 0 is not higher than the current leader epoch 0 (state.change.logger)
[2026-03-20 15:52:45,947] WARN [Broker id=0] Ignoring LeaderAndIsr request from controller 0 with correlation id 1 epoch 5 for partition __consumer_offsets-5 since its associated leader epoch 0 is not higher than the current leader epoch 0 (state.change.logger)
[2026-03-20 15:52:45,947] WARN [Broker id=0] Ignoring LeaderAndIsr request from controller 0 with correlation id 1 epoch 5 for partition __consumer_offsets-38 since its associated leader epoch 0 is not higher than the current leader epoch 0 (state.change.logger)
[2026-03-20 15:52:45,947] WARN [Broker id=0] Ignoring LeaderAndIsr request from controller 0 with correlation id 1 epoch 5 for partition __consumer_offsets-1 since its associated leader epoch 0 is not higher than the current leader epoch 0 (state.change.logger)
[2026-03-20 15:52:45,947] WARN [Broker id=0] Ignoring LeaderAndIsr request from controller 0 with correlation id 1 epoch 5 for partition __consumer_offsets-34 since its associated leader epoch 0 is not higher than the current leader epoch 0 (state.change.logger)
[2026-03-20 15:52:45,947] WARN [Broker id=0] Ignoring LeaderAndIsr request from controller 0 with correlation id 1 epoch 5 for partition __consumer_offsets-16 since its associated leader epoch 0 is not higher than the current leader epoch 0 (state.change.logger)
[2026-03-20 15:52:45,947] WARN [Broker id=0] Ignoring LeaderAndIsr request from controller 0 with correlation id 1 epoch 5 for partition __consumer_offsets-45 since its associated leader epoch 0 is not higher than the current leader epoch 0 (state.change.logger)
[2026-03-20 15:52:45,952] WARN [Broker id=0] Ignoring LeaderAndIsr request from controller 0 with correlation id 1 epoch 5 for partition gossip-0 since its associated leader epoch 0 is not higher than the current leader epoch 0 (state.change.logger)
[2026-03-20 15:52:45,952] WARN [Broker id=0] Ignoring LeaderAndIsr request from controller 0 with correlation id 1 epoch 5 for partition __consumer_offsets-12 since its associated leader epoch 0 is not higher than the current leader epoch 0 (state.change.logger)
[2026-03-20 15:52:45,952] WARN [Broker id=0] Ignoring LeaderAndIsr request from controller 0 with correlation id 1 epoch 5 for partition __consumer_offsets-41 since its associated leader epoch 0 is not higher than the current leader epoch 0 (state.change.logger)
[2026-03-20 15:52:45,952] WARN [Broker id=0] Ignoring LeaderAndIsr request from controller 0 with correlation id 1 epoch 5 for partition __consumer_offsets-24 since its associated leader epoch 0 is not higher than the current leader epoch 0 (state.change.logger)
[2026-03-20 15:52:45,953] WARN [Broker id=0] Ignoring LeaderAndIsr request from controller 0 with correlation id 1 epoch 5 for partition __consumer_offsets-20 since its associated leader epoch 0 is not higher than the current leader epoch 0 (state.change.logger)
[2026-03-20 15:52:45,955] WARN [Broker id=0] Ignoring LeaderAndIsr request from controller 0 with correlation id 1 epoch 5 for partition __consumer_offsets-49 since its associated leader epoch 0 is not higher than the current leader epoch 0 (state.change.logger)
[2026-03-20 15:52:45,955] WARN [Broker id=0] Ignoring LeaderAndIsr request from controller 0 with correlation id 1 epoch 5 for partition __consumer_offsets-0 since its associated leader epoch 0 is not higher than the current leader epoch 0 (state.change.logger)
[2026-03-20 15:52:45,955] WARN [Broker id=0] Ignoring LeaderAndIsr request from controller 0 with correlation id 1 epoch 5 for partition __consumer_offsets-29 since its associated leader epoch 0 is not higher than the current leader epoch 0 (state.change.logger)
[2026-03-20 15:52:45,955] WARN [Broker id=0] Ignoring LeaderAndIsr request from controller 0 with correlation id 1 epoch 5 for partition __consumer_offsets-25 since its associated leader epoch 0 is not higher than the current leader epoch 0 (state.change.logger)
[2026-03-20 15:52:45,955] WARN [Broker id=0] Ignoring LeaderAndIsr request from controller 0 with correlation id 1 epoch 5 for partition __consumer_offsets-8 since its associated leader epoch 0 is not higher than the current leader epoch 0 (state.change.logger)
[2026-03-20 15:52:45,955] WARN [Broker id=0] Ignoring LeaderAndIsr request from controller 0 with correlation id 1 epoch 5 for partition __consumer_offsets-37 since its associated leader epoch 0 is not higher than the current leader epoch 0 (state.change.logger)
[2026-03-20 15:52:45,955] WARN [Broker id=0] Ignoring LeaderAndIsr request from controller 0 with correlation id 1 epoch 5 for partition __consumer_offsets-4 since its associated leader epoch 0 is not higher than the current leader epoch 0 (state.change.logger)
[2026-03-20 15:52:45,957] WARN [Broker id=0] Ignoring LeaderAndIsr request from controller 0 with correlation id 1 epoch 5 for partition __consumer_offsets-33 since its associated leader epoch 0 is not higher than the current leader epoch 0 (state.change.logger)
[2026-03-20 15:52:45,957] WARN [Broker id=0] Ignoring LeaderAndIsr request from controller 0 with correlation id 1 epoch 5 for partition __consumer_offsets-15 since its associated leader epoch 0 is not higher than the current leader epoch 0 (state.change.logger)
[2026-03-20 15:52:45,957] WARN [Broker id=0] Ignoring LeaderAndIsr request from controller 0 with correlation id 1 epoch 5 for partition __consumer_offsets-48 since its associated leader epoch 0 is not higher than the current leader epoch 0 (state.change.logger)
[2026-03-20 15:52:45,957] WARN [Broker id=0] Ignoring LeaderAndIsr request from controller 0 with correlation id 1 epoch 5 for partition __consumer_offsets-11 since its associated leader epoch 0 is not higher than the current leader epoch 0 (state.change.logger)
[2026-03-20 15:52:45,957] WARN [Broker id=0] Ignoring LeaderAndIsr request from controller 0 with correlation id 1 epoch 5 for partition __consumer_offsets-44 since its associated leader epoch 0 is not higher than the current leader epoch 0 (state.change.logger)
[2026-03-20 15:52:45,957] WARN [Broker id=0] Ignoring LeaderAndIsr request from controller 0 with correlation id 1 epoch 5 for partition __consumer_offsets-23 since its associated leader epoch 0 is not higher than the current leader epoch 0 (state.change.logger)
[2026-03-20 15:52:45,957] WARN [Broker id=0] Ignoring LeaderAndIsr request from controller 0 with correlation id 1 epoch 5 for partition __consumer_offsets-19 since its associated leader epoch 0 is not higher than the current leader epoch 0 (state.change.logger)
[2026-03-20 15:52:45,957] WARN [Broker id=0] Ignoring LeaderAndIsr request from controller 0 with correlation id 1 epoch 5 for partition __consumer_offsets-32 since its associated leader epoch 0 is not higher than the current leader epoch 0 (state.change.logger)
[2026-03-20 15:52:45,957] WARN [Broker id=0] Ignoring LeaderAndIsr request from controller 0 with correlation id 1 epoch 5 for partition __consumer_offsets-28 since its associated leader epoch 0 is not higher than the current leader epoch 0 (state.change.logger)
[2026-03-20 15:52:45,957] WARN [Broker id=0] Ignoring LeaderAndIsr request from controller 0 with correlation id 1 epoch 5 for partition __consumer_offsets-7 since its associated leader epoch 0 is not higher than the current leader epoch 0 (state.change.logger)
[2026-03-20 15:52:45,957] WARN [Broker id=0] Ignoring LeaderAndIsr request from controller 0 with correlation id 1 epoch 5 for partition __consumer_offsets-40 since its associated leader epoch 0 is not higher than the current leader epoch 0 (state.change.logger)
[2026-03-20 15:52:45,957] WARN [Broker id=0] Ignoring LeaderAndIsr request from controller 0 with correlation id 1 epoch 5 for partition __consumer_offsets-3 since its associated leader epoch 0 is not higher than the current leader epoch 0 (state.change.logger)
[2026-03-20 15:52:45,957] WARN [Broker id=0] Ignoring LeaderAndIsr request from controller 0 with correlation id 1 epoch 5 for partition __consumer_offsets-36 since its associated leader epoch 0 is not higher than the current leader epoch 0 (state.change.logger)
[2026-03-20 15:52:45,957] WARN [Broker id=0] Ignoring LeaderAndIsr request from controller 0 with correlation id 1 epoch 5 for partition __consumer_offsets-47 since its associated leader epoch 0 is not higher than the current leader epoch 0 (state.change.logger)
[2026-03-20 15:52:45,957] WARN [Broker id=0] Ignoring LeaderAndIsr request from controller 0 with correlation id 1 epoch 5 for partition __consumer_offsets-14 since its associated leader epoch 0 is not higher than the current leader epoch 0 (state.change.logger)
[2026-03-20 15:52:45,957] WARN [Broker id=0] Ignoring LeaderAndIsr request from controller 0 with correlation id 1 epoch 5 for partition __consumer_offsets-43 since its associated leader epoch 0 is not higher than the current leader epoch 0 (state.change.logger)
[2026-03-20 15:52:45,958] WARN [Broker id=0] Ignoring LeaderAndIsr request from controller 0 with correlation id 1 epoch 5 for partition test-0 since its associated leader epoch 0 is not higher than the current leader epoch 0 (state.change.logger)
[2026-03-20 15:52:45,958] WARN [Broker id=0] Ignoring LeaderAndIsr request from controller 0 with correlation id 1 epoch 5 for partition __consumer_offsets-10 since its associated leader epoch 0 is not higher than the current leader epoch 0 (state.change.logger)
[2026-03-20 15:52:45,958] WARN [Broker id=0] Ignoring LeaderAndIsr request from controller 0 with correlation id 1 epoch 5 for partition __consumer_offsets-22 since its associated leader epoch 0 is not higher than the current leader epoch 0 (state.change.logger)
[2026-03-20 15:52:45,958] WARN [Broker id=0] Ignoring LeaderAndIsr request from controller 0 with correlation id 1 epoch 5 for partition __consumer_offsets-18 since its associated leader epoch 0 is not higher than the current leader epoch 0 (state.change.logger)
[2026-03-20 15:52:45,958] WARN [Broker id=0] Ignoring LeaderAndIsr request from controller 0 with correlation id 1 epoch 5 for partition __consumer_offsets-31 since its associated leader epoch 0 is not higher than the current leader epoch 0 (state.change.logger)
[2026-03-20 15:52:45,958] WARN [Broker id=0] Ignoring LeaderAndIsr request from controller 0 with correlation id 1 epoch 5 for partition __consumer_offsets-27 since its associated leader epoch 0 is not higher than the current leader epoch 0 (state.change.logger)
[2026-03-20 15:52:45,958] WARN [Broker id=0] Ignoring LeaderAndIsr request from controller 0 with correlation id 1 epoch 5 for partition __consumer_offsets-39 since its associated leader epoch 0 is not higher than the current leader epoch 0 (state.change.logger)
[2026-03-20 15:52:45,960] WARN [Broker id=0] Ignoring LeaderAndIsr request from controller 0 with correlation id 1 epoch 5 for partition __consumer_offsets-6 since its associated leader epoch 0 is not higher than the current leader epoch 0 (state.change.logger)
[2026-03-20 15:52:45,962] WARN [Broker id=0] Ignoring LeaderAndIsr request from controller 0 with correlation id 1 epoch 5 for partition __consumer_offsets-35 since its associated leader epoch 0 is not higher than the current leader epoch 0 (state.change.logger)
[2026-03-20 15:52:45,962] WARN [Broker id=0] Ignoring LeaderAndIsr request from controller 0 with correlation id 1 epoch 5 for partition __consumer_offsets-2 since its associated leader epoch 0 is not higher than the current leader epoch 0 (state.change.logger)
[2026-03-20 15:52:46,034] TRACE [Controller id=0 epoch=5] Received response {error_code=0,partitions=[{topic=__consumer_offsets,partition=13,error_code=11},{topic=__consumer_offsets,partition=46,error_code=11},{topic=__consumer_offsets,partition=9,error_code=11},{topic=__consumer_offsets,partition=42,error_code=11},{topic=__consumer_offsets,partition=21,error_code=11},{topic=__consumer_offsets,partition=17,error_code=11},{topic=__consumer_offsets,partition=30,error_code=11},{topic=__consumer_offsets,partition=26,error_code=11},{topic=__consumer_offsets,partition=5,error_code=11},{topic=__consumer_offsets,partition=38,error_code=11},{topic=__consumer_offsets,partition=1,error_code=11},{topic=__consumer_offsets,partition=34,error_code=11},{topic=__consumer_offsets,partition=16,error_code=11},{topic=__consumer_offsets,partition=45,error_code=11},{topic=gossip,partition=0,error_code=11},{topic=__consumer_offsets,partition=12,error_code=11},{topic=__consumer_offsets,partition=41,error_code=11},{topic=__consumer_offsets,partition=24,error_code=11},{topic=__consumer_offsets,partition=20,error_code=11},{topic=__consumer_offsets,partition=49,error_code=11},{topic=__consumer_offsets,partition=0,error_code=11},{topic=__consumer_offsets,partition=29,error_code=11},{topic=__consumer_offsets,partition=25,error_code=11},{topic=__consumer_offsets,partition=8,error_code=11},{topic=__consumer_offsets,partition=37,error_code=11},{topic=__consumer_offsets,partition=4,error_code=11},{topic=__consumer_offsets,partition=33,error_code=11},{topic=__consumer_offsets,partition=15,error_code=11},{topic=__consumer_offsets,partition=48,error_code=11},{topic=__consumer_offsets,partition=11,error_code=11},{topic=__consumer_offsets,partition=44,error_code=11},{topic=__consumer_offsets,partition=23,error_code=11},{topic=__consumer_offsets,partition=19,error_code=11},{topic=__consumer_offsets,partition=32,error_code=11},{topic=__consumer_offsets,partition=28,error_code=11},{topic=__consumer_offsets,partition=7,error_code=11},{topic=__consumer_offsets,partition=40,error_code=11},{topic=__consumer_offsets,partition=3,error_code=11},{topic=__consumer_offsets,partition=36,error_code=11},{topic=__consumer_offsets,partition=47,error_code=11},{topic=__consumer_offsets,partition=14,error_code=11},{topic=__consumer_offsets,partition=43,error_code=11},{topic=test,partition=0,error_code=11},{topic=__consumer_offsets,partition=10,error_code=11},{topic=__consumer_offsets,partition=22,error_code=11},{topic=__consumer_offsets,partition=18,error_code=11},{topic=__consumer_offsets,partition=31,error_code=11},{topic=__consumer_offsets,partition=27,error_code=11},{topic=__consumer_offsets,partition=39,error_code=11},{topic=__consumer_offsets,partition=6,error_code=11},{topic=__consumer_offsets,partition=35,error_code=11},{topic=__consumer_offsets,partition=2,error_code=11}]} for request LEADER_AND_ISR with correlation id 1 sent to broker localhost:9092 (id: 0 rack: null) (state.change.logger)
[2026-03-20 15:52:46,059] TRACE [Broker id=0] Cached leader info PartitionState(controllerEpoch=1, leader=0, leaderEpoch=0, isr=[0], zkVersion=0, replicas=[0], offlineReplicas=[]) for partition __consumer_offsets-13 in response to UpdateMetadata request sent by controller 0 epoch 5 with correlation id 2 (state.change.logger)
[2026-03-20 15:52:46,059] TRACE [Broker id=0] Cached leader info PartitionState(controllerEpoch=1, leader=0, leaderEpoch=0, isr=[0], zkVersion=0, replicas=[0], offlineReplicas=[]) for partition __consumer_offsets-46 in response to UpdateMetadata request sent by controller 0 epoch 5 with correlation id 2 (state.change.logger)
[2026-03-20 15:52:46,059] TRACE [Broker id=0] Cached leader info PartitionState(controllerEpoch=1, leader=0, leaderEpoch=0, isr=[0], zkVersion=0, replicas=[0], offlineReplicas=[]) for partition __consumer_offsets-9 in response to UpdateMetadata request sent by controller 0 epoch 5 with correlation id 2 (state.change.logger)
[2026-03-20 15:52:46,059] TRACE [Broker id=0] Cached leader info PartitionState(controllerEpoch=1, leader=0, leaderEpoch=0, isr=[0], zkVersion=0, replicas=[0], offlineReplicas=[]) for partition __consumer_offsets-42 in response to UpdateMetadata request sent by controller 0 epoch 5 with correlation id 2 (state.change.logger)
[2026-03-20 15:52:46,061] TRACE [Broker id=0] Cached leader info PartitionState(controllerEpoch=1, leader=0, leaderEpoch=0, isr=[0], zkVersion=0, replicas=[0], offlineReplicas=[]) for partition __consumer_offsets-21 in response to UpdateMetadata request sent by controller 0 epoch 5 with correlation id 2 (state.change.logger)
[2026-03-20 15:52:46,063] TRACE [Broker id=0] Cached leader info PartitionState(controllerEpoch=1, leader=0, leaderEpoch=0, isr=[0], zkVersion=0, replicas=[0], offlineReplicas=[]) for partition __consumer_offsets-17 in response to UpdateMetadata request sent by controller 0 epoch 5 with correlation id 2 (state.change.logger)
[2026-03-20 15:52:46,063] TRACE [Broker id=0] Cached leader info PartitionState(controllerEpoch=1, leader=0, leaderEpoch=0, isr=[0], zkVersion=0, replicas=[0], offlineReplicas=[]) for partition __consumer_offsets-30 in response to UpdateMetadata request sent by controller 0 epoch 5 with correlation id 2 (state.change.logger)
[2026-03-20 15:52:46,063] TRACE [Broker id=0] Cached leader info PartitionState(controllerEpoch=1, leader=0, leaderEpoch=0, isr=[0], zkVersion=0, replicas=[0], offlineReplicas=[]) for partition __consumer_offsets-26 in response to UpdateMetadata request sent by controller 0 epoch 5 with correlation id 2 (state.change.logger)
[2026-03-20 15:52:46,063] TRACE [Broker id=0] Cached leader info PartitionState(controllerEpoch=1, leader=0, leaderEpoch=0, isr=[0], zkVersion=0, replicas=[0], offlineReplicas=[]) for partition __consumer_offsets-5 in response to UpdateMetadata request sent by controller 0 epoch 5 with correlation id 2 (state.change.logger)
[2026-03-20 15:52:46,063] TRACE [Broker id=0] Cached leader info PartitionState(controllerEpoch=1, leader=0, leaderEpoch=0, isr=[0], zkVersion=0, replicas=[0], offlineReplicas=[]) for partition __consumer_offsets-38 in response to UpdateMetadata request sent by controller 0 epoch 5 with correlation id 2 (state.change.logger)
[2026-03-20 15:52:46,063] TRACE [Broker id=0] Cached leader info PartitionState(controllerEpoch=1, leader=0, leaderEpoch=0, isr=[0], zkVersion=0, replicas=[0], offlineReplicas=[]) for partition __consumer_offsets-1 in response to UpdateMetadata request sent by controller 0 epoch 5 with correlation id 2 (state.change.logger)
[2026-03-20 15:52:46,063] TRACE [Broker id=0] Cached leader info PartitionState(controllerEpoch=1, leader=0, leaderEpoch=0, isr=[0], zkVersion=0, replicas=[0], offlineReplicas=[]) for partition __consumer_offsets-34 in response to UpdateMetadata request sent by controller 0 epoch 5 with correlation id 2 (state.change.logger)
[2026-03-20 15:52:46,063] TRACE [Broker id=0] Cached leader info PartitionState(controllerEpoch=1, leader=0, leaderEpoch=0, isr=[0], zkVersion=0, replicas=[0], offlineReplicas=[]) for partition __consumer_offsets-16 in response to UpdateMetadata request sent by controller 0 epoch 5 with correlation id 2 (state.change.logger)
[2026-03-20 15:52:46,063] TRACE [Broker id=0] Cached leader info PartitionState(controllerEpoch=1, leader=0, leaderEpoch=0, isr=[0], zkVersion=0, replicas=[0], offlineReplicas=[]) for partition __consumer_offsets-45 in response to UpdateMetadata request sent by controller 0 epoch 5 with correlation id 2 (state.change.logger)
[2026-03-20 15:52:46,064] TRACE [Broker id=0] Cached leader info PartitionState(controllerEpoch=1, leader=0, leaderEpoch=0, isr=[0], zkVersion=0, replicas=[0], offlineReplicas=[]) for partition gossip-0 in response to UpdateMetadata request sent by controller 0 epoch 5 with correlation id 2 (state.change.logger)
[2026-03-20 15:52:46,064] TRACE [Broker id=0] Cached leader info PartitionState(controllerEpoch=1, leader=0, leaderEpoch=0, isr=[0], zkVersion=0, replicas=[0], offlineReplicas=[]) for partition __consumer_offsets-12 in response to UpdateMetadata request sent by controller 0 epoch 5 with correlation id 2 (state.change.logger)
[2026-03-20 15:52:46,064] TRACE [Broker id=0] Cached leader info PartitionState(controllerEpoch=1, leader=0, leaderEpoch=0, isr=[0], zkVersion=0, replicas=[0], offlineReplicas=[]) for partition __consumer_offsets-41 in response to UpdateMetadata request sent by controller 0 epoch 5 with correlation id 2 (state.change.logger)
[2026-03-20 15:52:46,064] TRACE [Broker id=0] Cached leader info PartitionState(controllerEpoch=1, leader=0, leaderEpoch=0, isr=[0], zkVersion=0, replicas=[0], offlineReplicas=[]) for partition __consumer_offsets-24 in response to UpdateMetadata request sent by controller 0 epoch 5 with correlation id 2 (state.change.logger)
[2026-03-20 15:52:46,064] TRACE [Broker id=0] Cached leader info PartitionState(controllerEpoch=1, leader=0, leaderEpoch=0, isr=[0], zkVersion=0, replicas=[0], offlineReplicas=[]) for partition __consumer_offsets-20 in response to UpdateMetadata request sent by controller 0 epoch 5 with correlation id 2 (state.change.logger)
[2026-03-20 15:52:46,064] TRACE [Broker id=0] Cached leader info PartitionState(controllerEpoch=1, leader=0, leaderEpoch=0, isr=[0], zkVersion=0, replicas=[0], offlineReplicas=[]) for partition __consumer_offsets-49 in response to UpdateMetadata request sent by controller 0 epoch 5 with correlation id 2 (state.change.logger)
[2026-03-20 15:52:46,064] TRACE [Broker id=0] Cached leader info PartitionState(controllerEpoch=1, leader=0, leaderEpoch=0, isr=[0], zkVersion=0, replicas=[0], offlineReplicas=[]) for partition __consumer_offsets-0 in response to UpdateMetadata request sent by controller 0 epoch 5 with correlation id 2 (state.change.logger)
[2026-03-20 15:52:46,065] TRACE [Broker id=0] Cached leader info PartitionState(controllerEpoch=1, leader=0, leaderEpoch=0, isr=[0], zkVersion=0, replicas=[0], offlineReplicas=[]) for partition __consumer_offsets-29 in response to UpdateMetadata request sent by controller 0 epoch 5 with correlation id 2 (state.change.logger)
[2026-03-20 15:52:46,065] TRACE [Broker id=0] Cached leader info PartitionState(controllerEpoch=1, leader=0, leaderEpoch=0, isr=[0], zkVersion=0, replicas=[0], offlineReplicas=[]) for partition __consumer_offsets-25 in response to UpdateMetadata request sent by controller 0 epoch 5 with correlation id 2 (state.change.logger)
[2026-03-20 15:52:46,065] TRACE [Broker id=0] Cached leader info PartitionState(controllerEpoch=1, leader=0, leaderEpoch=0, isr=[0], zkVersion=0, replicas=[0], offlineReplicas=[]) for partition __consumer_offsets-8 in response to UpdateMetadata request sent by controller 0 epoch 5 with correlation id 2 (state.change.logger)
[2026-03-20 15:52:46,065] TRACE [Broker id=0] Cached leader info PartitionState(controllerEpoch=1, leader=0, leaderEpoch=0, isr=[0], zkVersion=0, replicas=[0], offlineReplicas=[]) for partition __consumer_offsets-37 in response to UpdateMetadata request sent by controller 0 epoch 5 with correlation id 2 (state.change.logger)
[2026-03-20 15:52:46,065] TRACE [Broker id=0] Cached leader info PartitionState(controllerEpoch=1, leader=0, leaderEpoch=0, isr=[0], zkVersion=0, replicas=[0], offlineReplicas=[]) for partition __consumer_offsets-4 in response to UpdateMetadata request sent by controller 0 epoch 5 with correlation id 2 (state.change.logger)
[2026-03-20 15:52:46,065] TRACE [Broker id=0] Cached leader info PartitionState(controllerEpoch=1, leader=0, leaderEpoch=0, isr=[0], zkVersion=0, replicas=[0], offlineReplicas=[]) for partition __consumer_offsets-33 in response to UpdateMetadata request sent by controller 0 epoch 5 with correlation id 2 (state.change.logger)
[2026-03-20 15:52:46,065] TRACE [Broker id=0] Cached leader info PartitionState(controllerEpoch=1, leader=0, leaderEpoch=0, isr=[0], zkVersion=0, replicas=[0], offlineReplicas=[]) for partition __consumer_offsets-15 in response to UpdateMetadata request sent by controller 0 epoch 5 with correlation id 2 (state.change.logger)
[2026-03-20 15:52:46,066] TRACE [Broker id=0] Cached leader info PartitionState(controllerEpoch=1, leader=0, leaderEpoch=0, isr=[0], zkVersion=0, replicas=[0], offlineReplicas=[]) for partition __consumer_offsets-48 in response to UpdateMetadata request sent by controller 0 epoch 5 with correlation id 2 (state.change.logger)
[2026-03-20 15:52:46,066] TRACE [Broker id=0] Cached leader info PartitionState(controllerEpoch=1, leader=0, leaderEpoch=0, isr=[0], zkVersion=0, replicas=[0], offlineReplicas=[]) for partition __consumer_offsets-11 in response to UpdateMetadata request sent by controller 0 epoch 5 with correlation id 2 (state.change.logger)
[2026-03-20 15:52:46,066] TRACE [Broker id=0] Cached leader info PartitionState(controllerEpoch=1, leader=0, leaderEpoch=0, isr=[0], zkVersion=0, replicas=[0], offlineReplicas=[]) for partition __consumer_offsets-44 in response to UpdateMetadata request sent by controller 0 epoch 5 with correlation id 2 (state.change.logger)
[2026-03-20 15:52:46,066] TRACE [Broker id=0] Cached leader info PartitionState(controllerEpoch=1, leader=0, leaderEpoch=0, isr=[0], zkVersion=0, replicas=[0], offlineReplicas=[]) for partition __consumer_offsets-23 in response to UpdateMetadata request sent by controller 0 epoch 5 with correlation id 2 (state.change.logger)
[2026-03-20 15:52:46,067] TRACE [Broker id=0] Cached leader info PartitionState(controllerEpoch=1, leader=0, leaderEpoch=0, isr=[0], zkVersion=0, replicas=[0], offlineReplicas=[]) for partition __consumer_offsets-19 in response to UpdateMetadata request sent by controller 0 epoch 5 with correlation id 2 (state.change.logger)
[2026-03-20 15:52:46,067] TRACE [Broker id=0] Cached leader info PartitionState(controllerEpoch=1, leader=0, leaderEpoch=0, isr=[0], zkVersion=0, replicas=[0], offlineReplicas=[]) for partition __consumer_offsets-32 in response to UpdateMetadata request sent by controller 0 epoch 5 with correlation id 2 (state.change.logger)
[2026-03-20 15:52:46,067] TRACE [Broker id=0] Cached leader info PartitionState(controllerEpoch=1, leader=0, leaderEpoch=0, isr=[0], zkVersion=0, replicas=[0], offlineReplicas=[]) for partition __consumer_offsets-28 in response to UpdateMetadata request sent by controller 0 epoch 5 with correlation id 2 (state.change.logger)
[2026-03-20 15:52:46,067] TRACE [Broker id=0] Cached leader info PartitionState(controllerEpoch=1, leader=0, leaderEpoch=0, isr=[0], zkVersion=0, replicas=[0], offlineReplicas=[]) for partition __consumer_offsets-7 in response to UpdateMetadata request sent by controller 0 epoch 5 with correlation id 2 (state.change.logger)
[2026-03-20 15:52:46,067] TRACE [Broker id=0] Cached leader info PartitionState(controllerEpoch=1, leader=0, leaderEpoch=0, isr=[0], zkVersion=0, replicas=[0], offlineReplicas=[]) for partition __consumer_offsets-40 in response to UpdateMetadata request sent by controller 0 epoch 5 with correlation id 2 (state.change.logger)
[2026-03-20 15:52:46,067] TRACE [Broker id=0] Cached leader info PartitionState(controllerEpoch=1, leader=0, leaderEpoch=0, isr=[0], zkVersion=0, replicas=[0], offlineReplicas=[]) for partition __consumer_offsets-3 in response to UpdateMetadata request sent by controller 0 epoch 5 with correlation id 2 (state.change.logger)
[2026-03-20 15:52:46,067] TRACE [Broker id=0] Cached leader info PartitionState(controllerEpoch=1, leader=0, leaderEpoch=0, isr=[0], zkVersion=0, replicas=[0], offlineReplicas=[]) for partition __consumer_offsets-36 in response to UpdateMetadata request sent by controller 0 epoch 5 with correlation id 2 (state.change.logger)
[2026-03-20 15:52:46,067] TRACE [Broker id=0] Cached leader info PartitionState(controllerEpoch=1, leader=0, leaderEpoch=0, isr=[0], zkVersion=0, replicas=[0], offlineReplicas=[]) for partition __consumer_offsets-47 in response to UpdateMetadata request sent by controller 0 epoch 5 with correlation id 2 (state.change.logger)
[2026-03-20 15:52:46,067] TRACE [Broker id=0] Cached leader info PartitionState(controllerEpoch=1, leader=0, leaderEpoch=0, isr=[0], zkVersion=0, replicas=[0], offlineReplicas=[]) for partition __consumer_offsets-14 in response to UpdateMetadata request sent by controller 0 epoch 5 with correlation id 2 (state.change.logger)
[2026-03-20 15:52:46,067] TRACE [Broker id=0] Cached leader info PartitionState(controllerEpoch=1, leader=0, leaderEpoch=0, isr=[0], zkVersion=0, replicas=[0], offlineReplicas=[]) for partition __consumer_offsets-43 in response to UpdateMetadata request sent by controller 0 epoch 5 with correlation id 2 (state.change.logger)
[2026-03-20 15:52:46,067] TRACE [Broker id=0] Cached leader info PartitionState(controllerEpoch=1, leader=0, leaderEpoch=0, isr=[0], zkVersion=0, replicas=[0], offlineReplicas=[]) for partition test-0 in response to UpdateMetadata request sent by controller 0 epoch 5 with correlation id 2 (state.change.logger)
[2026-03-20 15:52:46,067] TRACE [Broker id=0] Cached leader info PartitionState(controllerEpoch=1, leader=0, leaderEpoch=0, isr=[0], zkVersion=0, replicas=[0], offlineReplicas=[]) for partition __consumer_offsets-10 in response to UpdateMetadata request sent by controller 0 epoch 5 with correlation id 2 (state.change.logger)
[2026-03-20 15:52:46,067] TRACE [Broker id=0] Cached leader info PartitionState(controllerEpoch=1, leader=0, leaderEpoch=0, isr=[0], zkVersion=0, replicas=[0], offlineReplicas=[]) for partition __consumer_offsets-22 in response to UpdateMetadata request sent by controller 0 epoch 5 with correlation id 2 (state.change.logger)
[2026-03-20 15:52:46,067] TRACE [Broker id=0] Cached leader info PartitionState(controllerEpoch=1, leader=0, leaderEpoch=0, isr=[0], zkVersion=0, replicas=[0], offlineReplicas=[]) for partition __consumer_offsets-18 in response to UpdateMetadata request sent by controller 0 epoch 5 with correlation id 2 (state.change.logger)
[2026-03-20 15:52:46,067] TRACE [Broker id=0] Cached leader info PartitionState(controllerEpoch=1, leader=0, leaderEpoch=0, isr=[0], zkVersion=0, replicas=[0], offlineReplicas=[]) for partition __consumer_offsets-31 in response to UpdateMetadata request sent by controller 0 epoch 5 with correlation id 2 (state.change.logger)
[2026-03-20 15:52:46,067] TRACE [Broker id=0] Cached leader info PartitionState(controllerEpoch=1, leader=0, leaderEpoch=0, isr=[0], zkVersion=0, replicas=[0], offlineReplicas=[]) for partition __consumer_offsets-27 in response to UpdateMetadata request sent by controller 0 epoch 5 with correlation id 2 (state.change.logger)
[2026-03-20 15:52:46,067] TRACE [Broker id=0] Cached leader info PartitionState(controllerEpoch=1, leader=0, leaderEpoch=0, isr=[0], zkVersion=0, replicas=[0], offlineReplicas=[]) for partition __consumer_offsets-39 in response to UpdateMetadata request sent by controller 0 epoch 5 with correlation id 2 (state.change.logger)
[2026-03-20 15:52:46,068] TRACE [Broker id=0] Cached leader info PartitionState(controllerEpoch=1, leader=0, leaderEpoch=0, isr=[0], zkVersion=0, replicas=[0], offlineReplicas=[]) for partition __consumer_offsets-6 in response to UpdateMetadata request sent by controller 0 epoch 5 with correlation id 2 (state.change.logger)
[2026-03-20 15:52:46,068] TRACE [Broker id=0] Cached leader info PartitionState(controllerEpoch=1, leader=0, leaderEpoch=0, isr=[0], zkVersion=0, replicas=[0], offlineReplicas=[]) for partition __consumer_offsets-35 in response to UpdateMetadata request sent by controller 0 epoch 5 with correlation id 2 (state.change.logger)
[2026-03-20 15:52:46,068] TRACE [Broker id=0] Cached leader info PartitionState(controllerEpoch=1, leader=0, leaderEpoch=0, isr=[0], zkVersion=0, replicas=[0], offlineReplicas=[]) for partition __consumer_offsets-2 in response to UpdateMetadata request sent by controller 0 epoch 5 with correlation id 2 (state.change.logger)
[2026-03-20 15:52:46,069] TRACE [Controller id=0 epoch=5] Received response {error_code=0} for request UPDATE_METADATA with correlation id 2 sent to broker localhost:9092 (id: 0 rack: null) (state.change.logger)
